[2026-06-24 12:24:39] INFO [BinanceClient:47] - Fetching BTCUSDT | 1h | 2026-06-20 00:00:00 to 2026-06-21 00:00:00
[2026-06-24 12:24:39] INFO [BinanceClient:72] - Fetched 25 candles for BTCUSDT.
[2026-06-24 12:24:39] INFO [BinanceClient:98] - First candle : [1781913600000, 63543.9, 63777.0, 63470.0, 63530.01, 640.14667]
[2026-06-24 12:24:39] INFO [BinanceClient:99] - Last candle  : [1782000000000, 64298.01, 64322.91, 64237.31, 64294.0, 425.19081]
[2026-06-24 12:25:03] INFO [BinanceMain:49] - === Config Loaded ===
[2026-06-24 12:25:03] INFO [BinanceMain:50] - Exchange   : binance
[2026-06-24 12:25:03] INFO [BinanceMain:51] - Symbols    : ['MINA']
[2026-06-24 12:25:03] INFO [BinanceMain:52] - Timeframe  : 1m
[2026-06-24 12:25:03] INFO [BinanceMain:53] - Start Time : 2026-06-22 00:00:00
[2026-06-24 12:25:03] INFO [BinanceMain:54] - End Time   : now
[2026-06-24 12:25:03] INFO [BinanceMain:55] - Fill Method: ffill
[2026-06-24 12:25:03] INFO [BinanceMain:56] - Max Retries: 5
[2026-06-24 12:25:03] INFO [BinanceMain:57] - Retry Delay: 3
[2026-06-24 12:25:03] INFO [BinanceMain:15] - --- Starting Binance Ingestion Pipeline ---
[2026-06-24 12:25:03] ERROR [BinanceMain:32] - Failed to process symbol MINA: Missing database configuration in .env
[2026-06-24 12:25:03] INFO [BinanceMain:34] - --- Binance Ingestion Pipeline Finished ---
[2026-06-24 12:46:29] INFO [BinanceMain:84] - === Config Loaded ===
[2026-06-24 12:46:29] INFO [BinanceMain:85] - Exchange   : binance
[2026-06-24 12:46:29] INFO [BinanceMain:86] - Symbols    : ['MINA']
[2026-06-24 12:46:29] INFO [BinanceMain:87] - Timeframe  : 1m
[2026-06-24 12:46:29] INFO [BinanceMain:88] - Start Time : 2026-06-22 00:00:00
[2026-06-24 12:46:29] INFO [BinanceMain:89] - End Time   : now
[2026-06-24 12:46:29] INFO [BinanceMain:90] - Fill Method: ffill
[2026-06-24 12:46:29] INFO [BinanceMain:91] - Max Retries: 5
[2026-06-24 12:46:29] INFO [BinanceMain:92] - Retry Delay: 3
[2026-06-24 12:46:29] INFO [BinanceMain:50] - --- Starting Binance Ingestion Pipeline ---
[2026-06-24 12:46:30] INFO [DBManager:36] - Connected to database 'postgres'.
[2026-06-24 12:46:30] INFO [DBManager:78] - Table 'binance_data.binance_mina_usdt_1m' created.
[2026-06-24 12:46:30] INFO [Downloader:52] - Starting MINA/USDT fresh on BINANCE from: 2026-06-22 00:00:00
[2026-06-24 12:46:30] INFO [BinanceClient:47] - Fetching MINAUSDT | 1m | 2026-06-22 00:00:00 to 2026-06-24 07:46:30
[2026-06-24 12:46:33] INFO [BinanceClient:72] - Fetched 3347 candles for MINAUSDT.
[2026-06-24 12:46:33] INFO [Downloader:85] - Missing (NaN) value counts per column before filling:
open      0
high      0
low       0
close     0
volume    0
dtype: int64
[2026-06-24 12:46:33] INFO [DBManager:111] - Saved 3347 records to 'binance_data.binance_mina_usdt_1m'.
[2026-06-24 12:46:33] INFO [BinanceMain:67] - --- Binance Ingestion Pipeline Finished ---
[2026-06-24 12:57:41] INFO [BinanceMain:84] - === Config Loaded ===
[2026-06-24 12:57:41] INFO [BinanceMain:85] - Exchange   : binance
[2026-06-24 12:57:41] INFO [BinanceMain:86] - Symbols    : ['MINA']
[2026-06-24 12:57:41] INFO [BinanceMain:87] - Timeframe  : 1m
[2026-06-24 12:57:41] INFO [BinanceMain:88] - Start Time : 2026-06-22 00:00:00
[2026-06-24 12:57:41] INFO [BinanceMain:89] - End Time   : now
[2026-06-24 12:57:41] INFO [BinanceMain:90] - Fill Method: ffill
[2026-06-24 12:57:41] INFO [BinanceMain:91] - Max Retries: 5
[2026-06-24 12:57:41] INFO [BinanceMain:92] - Retry Delay: 3
[2026-06-24 12:57:41] INFO [BinanceMain:50] - --- Starting Binance Ingestion Pipeline ---
[2026-06-24 12:57:42] INFO [DBManager:36] - Connected to database 'postgres'.
[2026-06-24 12:57:42] INFO [DBManager:78] - Table 'binance_data.binance_mina_usdt_1m' created.
[2026-06-24 12:57:42] INFO [Downloader:52] - Starting MINA/USDT fresh on BINANCE from: 2026-06-22 00:00:00
[2026-06-24 12:57:42] INFO [BinanceClient:47] - Fetching MINAUSDT | 1m | 2026-06-22 00:00:00 to 2026-06-24 07:57:42
[2026-06-24 12:57:44] INFO [BinanceClient:72] - Fetched 3358 candles for MINAUSDT.
[2026-06-24 12:57:45] INFO [Downloader:85] - Missing (NaN) value counts per column before filling:
open      0
high      0
low       0
close     0
volume    0
dtype: int64
[2026-06-24 12:57:45] INFO [DBManager:111] - Saved 3358 records to 'binance_data.binance_mina_usdt_1m'.
[2026-06-24 12:57:45] INFO [BinanceMain:67] - --- Binance Ingestion Pipeline Finished ---
[2026-06-24 13:00:37] INFO [BinanceMain:84] - === Config Loaded ===
[2026-06-24 13:00:37] INFO [BinanceMain:85] - Exchange   : binance
[2026-06-24 13:00:37] INFO [BinanceMain:86] - Symbols    : ['MINA']
[2026-06-24 13:00:37] INFO [BinanceMain:87] - Timeframe  : 1m
[2026-06-24 13:00:37] INFO [BinanceMain:88] - Start Time : 2026-06-22 00:00:00
[2026-06-24 13:00:37] INFO [BinanceMain:89] - End Time   : now
[2026-06-24 13:00:37] INFO [BinanceMain:90] - Fill Method: ffill
[2026-06-24 13:00:37] INFO [BinanceMain:91] - Max Retries: 5
[2026-06-24 13:00:37] INFO [BinanceMain:92] - Retry Delay: 3
[2026-06-24 13:00:37] INFO [BinanceMain:50] - --- Starting Binance Ingestion Pipeline ---
[2026-06-24 13:00:37] INFO [DBManager:36] - Connected to database 'postgres'.
[2026-06-24 13:00:37] INFO [DBManager:76] - Table 'binance_data.binance_mina_usdt_1m' verified.
[2026-06-24 13:00:37] INFO [Downloader:49] - Resuming MINA/USDT on BINANCE from: 2026-06-24 07:57:00
[2026-06-24 13:00:37] INFO [BinanceClient:47] - Fetching MINAUSDT | 1m | 2026-06-24 07:57:00 to 2026-06-24 08:00:37
[2026-06-24 13:00:38] INFO [BinanceClient:72] - Fetched 4 candles for MINAUSDT.
[2026-06-24 13:00:38] INFO [Downloader:85] - Missing (NaN) value counts per column before filling:
open      0
high      0
low       0
close     0
volume    0
dtype: int64
[2026-06-24 13:00:38] INFO [DBManager:111] - Saved 3 records to 'binance_data.binance_mina_usdt_1m'.
[2026-06-24 13:00:38] INFO [BinanceMain:67] - --- Binance Ingestion Pipeline Finished ---
[2026-06-24 13:00:46] INFO [BinanceMain:84] - === Config Loaded ===
[2026-06-24 13:00:46] INFO [BinanceMain:85] - Exchange   : binance
[2026-06-24 13:00:46] INFO [BinanceMain:86] - Symbols    : ['MINA']
[2026-06-24 13:00:46] INFO [BinanceMain:87] - Timeframe  : 1m
[2026-06-24 13:00:46] INFO [BinanceMain:88] - Start Time : 2026-06-22 00:00:00
[2026-06-24 13:00:46] INFO [BinanceMain:89] - End Time   : now
[2026-06-24 13:00:46] INFO [BinanceMain:90] - Fill Method: ffill
[2026-06-24 13:00:46] INFO [BinanceMain:91] - Max Retries: 5
[2026-06-24 13:00:46] INFO [BinanceMain:92] - Retry Delay: 3
[2026-06-24 13:00:46] INFO [BinanceMain:50] - --- Starting Binance Ingestion Pipeline ---
[2026-06-24 13:00:46] INFO [DBManager:36] - Connected to database 'postgres'.
[2026-06-24 13:00:46] INFO [DBManager:78] - Table 'binance_data.binance_mina_usdt_1m' created.
[2026-06-24 13:00:46] INFO [Downloader:52] - Starting MINA/USDT fresh on BINANCE from: 2026-06-22 00:00:00
[2026-06-24 13:00:46] INFO [BinanceClient:47] - Fetching MINAUSDT | 1m | 2026-06-22 00:00:00 to 2026-06-24 08:00:46
[2026-06-24 13:00:49] INFO [BinanceClient:72] - Fetched 3361 candles for MINAUSDT.
[2026-06-24 13:00:49] INFO [Downloader:85] - Missing (NaN) value counts per column before filling:
open      0
high      0
low       0
close     0
volume    0
dtype: int64
[2026-06-24 13:00:50] INFO [DBManager:111] - Saved 3361 records to 'binance_data.binance_mina_usdt_1m'.
[2026-06-24 13:00:50] INFO [BinanceMain:67] - --- Binance Ingestion Pipeline Finished ---
