[2026-06-24 12:30:26] INFO [BybitMain:45] - === Config Loaded ===
[2026-06-24 12:30:26] INFO [BybitMain:46] - Exchange   : bybit
[2026-06-24 12:30:26] INFO [BybitMain:47] - Symbols    : ['SOL', 'ADA']
[2026-06-24 12:30:26] INFO [BybitMain:48] - Timeframe  : 1m
[2026-06-24 12:30:26] INFO [BybitMain:49] - Start Time : 2026-06-22 00:00:00
[2026-06-24 12:30:26] INFO [BybitMain:50] - End Time   : now
[2026-06-24 12:30:26] INFO [BybitMain:51] - Fill Method: ffill
[2026-06-24 12:30:26] INFO [BybitMain:52] - Max Retries: 5
[2026-06-24 12:30:26] INFO [BybitMain:53] - Retry Delay: 3
[2026-06-24 12:30:26] INFO [BybitMain:12] - --- Starting Bybit Ingestion Pipeline ---
[2026-06-24 12:30:26] INFO [DBManager:36] - Connected to database 'postgres'.
[2026-06-24 12:30:26] INFO [DBManager:78] - Table 'bybit_data.bybit_sol_usdt_1m' created.
[2026-06-24 12:30:26] INFO [Downloader:52] - Starting SOL/USDT fresh on BYBIT from: 2026-06-22 00:00:00
[2026-06-24 12:30:26] INFO [BybitClient:41] - Fetching historical candles for SOLUSDT from 2026-06-22 00:00:00 to now...
[2026-06-24 12:30:26] INFO [BybitClient:94] - Fetched 1001 raw candles from Bybit.
[2026-06-24 12:30:27] INFO [Downloader:85] - Missing (NaN) value counts per column before filling:
open      0
high      0
low       0
close     0
volume    0
dtype: int64
[2026-06-24 12:30:27] INFO [DBManager:111] - Saved 1001 records to 'bybit_data.bybit_sol_usdt_1m'.
[2026-06-24 12:30:27] INFO [DBManager:36] - Connected to database 'postgres'.
[2026-06-24 12:30:27] INFO [DBManager:78] - Table 'bybit_data.bybit_ada_usdt_1m' created.
[2026-06-24 12:30:27] INFO [Downloader:52] - Starting ADA/USDT fresh on BYBIT from: 2026-06-22 00:00:00
[2026-06-24 12:30:27] INFO [BybitClient:41] - Fetching historical candles for ADAUSDT from 2026-06-22 00:00:00 to now...
[2026-06-24 12:30:27] INFO [BybitClient:94] - Fetched 1001 raw candles from Bybit.
[2026-06-24 12:30:27] INFO [Downloader:85] - Missing (NaN) value counts per column before filling:
open      0
high      0
low       0
close     0
volume    0
dtype: int64
[2026-06-24 12:30:28] INFO [DBManager:111] - Saved 1001 records to 'bybit_data.bybit_ada_usdt_1m'.
[2026-06-24 12:30:28] INFO [BybitMain:30] - --- Bybit Ingestion Pipeline Finished ---
[2026-06-24 12:43:36] INFO [BybitMain:49] - === Config Loaded ===
[2026-06-24 12:43:36] INFO [BybitMain:50] - Exchange   : bybit
[2026-06-24 12:43:36] INFO [BybitMain:51] - Symbols    : ['SOL', 'ADA']
[2026-06-24 12:43:36] INFO [BybitMain:52] - Timeframe  : 1m
[2026-06-24 12:43:36] INFO [BybitMain:53] - Start Time : 2026-06-22 00:00:00
[2026-06-24 12:43:36] INFO [BybitMain:54] - End Time   : now
[2026-06-24 12:43:36] INFO [BybitMain:55] - Fill Method: ffill
[2026-06-24 12:43:36] INFO [BybitMain:56] - Max Retries: 5
[2026-06-24 12:43:36] INFO [BybitMain:57] - Retry Delay: 3
[2026-06-24 12:43:36] INFO [BybitMain:15] - --- Starting Bybit Ingestion Pipeline ---
[2026-06-24 12:43:36] INFO [DBManager:36] - Connected to database 'postgres'.
[2026-06-24 12:43:36] INFO [DBManager:76] - Table 'bybit_data.bybit_sol_usdt_1m' verified.
[2026-06-24 12:43:36] INFO [Downloader:49] - Resuming SOL/USDT on BYBIT from: 2026-06-24 07:30:00
[2026-06-24 12:43:36] INFO [BybitClient:41] - Fetching historical candles for SOLUSDT from 2026-06-24 07:30:00 to now...
[2026-06-24 12:43:37] INFO [BybitClient:94] - Fetched 15 raw candles from Bybit.
[2026-06-24 12:43:37] INFO [Downloader:85] - Missing (NaN) value counts per column before filling:
open      0
high      0
low       0
close     0
volume    0
dtype: int64
[2026-06-24 12:43:37] INFO [DBManager:111] - Saved 14 records to 'bybit_data.bybit_sol_usdt_1m'.
[2026-06-24 12:43:37] INFO [DBManager:36] - Connected to database 'postgres'.
[2026-06-24 12:43:37] INFO [DBManager:76] - Table 'bybit_data.bybit_ada_usdt_1m' verified.
[2026-06-24 12:43:37] INFO [Downloader:49] - Resuming ADA/USDT on BYBIT from: 2026-06-24 07:30:00
[2026-06-24 12:43:37] INFO [BybitClient:41] - Fetching historical candles for ADAUSDT from 2026-06-24 07:30:00 to now...
[2026-06-24 12:43:38] INFO [BybitClient:94] - Fetched 15 raw candles from Bybit.
[2026-06-24 12:43:38] INFO [Downloader:85] - Missing (NaN) value counts per column before filling:
open      0
high      0
low       0
close     0
volume    0
dtype: int64
[2026-06-24 12:43:38] INFO [DBManager:111] - Saved 14 records to 'bybit_data.bybit_ada_usdt_1m'.
[2026-06-24 12:43:38] INFO [BybitMain:32] - --- Bybit Ingestion Pipeline Finished ---
